<?xml version="1.0" encoding="UTF-8"?>
<testng-results skipped="0" failed="0" ignored="0" total="1" passed="1">
  <reporter-output>
  </reporter-output>
  <suite name="Default suite" duration-ms="25880" started-at="2020-02-25T10:22:40 IST" finished-at="2020-02-25T10:23:06 IST">
    <groups>
    </groups>
    <test name="Default test" duration-ms="25880" started-at="2020-02-25T10:22:40 IST" finished-at="2020-02-25T10:23:06 IST">
      <class name="com.training.sanity.tests.OrdersTests">
        <test-method status="PASS" signature="setUpBeforeClass()[pri:0, instance:com.training.sanity.tests.OrdersTests@63e2203c]" name="setUpBeforeClass" is-config="true" duration-ms="17770" started-at="2020-02-25T10:22:40 IST" finished-at="2020-02-25T10:22:58 IST">
          <reporter-output>
          </reporter-output>
        </test-method> <!-- setUpBeforeClass -->
        <test-method status="PASS" signature="validOrderTest()[pri:0, instance:com.training.sanity.tests.OrdersTests@63e2203c]" name="validOrderTest" duration-ms="6016" started-at="2020-02-25T10:22:58 IST" finished-at="2020-02-25T10:23:04 IST">
          <reporter-output>
          </reporter-output>
        </test-method> <!-- validOrderTest -->
        <test-method status="PASS" signature="tearDown()[pri:0, instance:com.training.sanity.tests.OrdersTests@63e2203c]" name="tearDown" is-config="true" duration-ms="1996" started-at="2020-02-25T10:23:04 IST" finished-at="2020-02-25T10:23:06 IST">
          <reporter-output>
          </reporter-output>
        </test-method> <!-- tearDown -->
      </class> <!-- com.training.sanity.tests.OrdersTests -->
    </test> <!-- Default test -->
  </suite> <!-- Default suite -->
</testng-results>
